2021-08-16 15:47:55 INFO  BaseClass:98 - Document Ready State is : complete
2021-08-16 15:47:55 INFO  BaseClass:13 - Test StartshomePage
2021-08-16 15:47:58 INFO  BaseClass:98 - Document Ready State is : complete
2021-08-16 15:47:58 INFO  BaseClass:19 - Test PassedhomePage
2021-08-16 15:48:09 INFO  BaseClass:98 - Document Ready State is : complete
2021-08-16 15:48:11 INFO  BaseClass:98 - Document Ready State is : complete
2021-08-16 15:48:11 INFO  BaseClass:98 - Document Ready State is : complete
2021-08-16 15:48:16 INFO  BaseClass:98 - Document Ready State is : complete
2021-08-16 15:48:16 INFO  BaseClass:98 - Document Ready State is : complete
2021-08-16 15:48:16 INFO  BaseClass:13 - Test StartsSignUp
2021-08-16 15:48:17 INFO  BaseClass:19 - Test PassedSignUp
2021-08-16 15:48:25 INFO  BaseClass:98 - Document Ready State is : complete
2021-08-16 15:48:29 INFO  BaseClass:98 - Document Ready State is : complete
2021-08-16 15:48:29 INFO  BaseClass:98 - Document Ready State is : complete
2021-08-16 15:48:29 INFO  BaseClass:13 - Test StartsclassicTab
2021-08-16 15:48:34 INFO  BaseClass:98 - Document Ready State is : complete
2021-08-16 15:48:34 INFO  BaseClass:19 - Test PassedclassicTab
2021-08-16 15:48:42 INFO  BaseClass:98 - Document Ready State is : complete
2021-08-16 15:48:45 INFO  BaseClass:98 - Document Ready State is : complete
2021-08-16 15:48:45 INFO  BaseClass:98 - Document Ready State is : complete
2021-08-16 15:48:45 INFO  BaseClass:13 - Test StartsselectPriceOfPlan
2021-08-16 15:48:46 INFO  BaseClass:19 - Test PassedselectPriceOfPlan
2021-08-16 15:51:20 INFO  BaseClass:98 - Document Ready State is : complete
2021-08-16 15:51:20 INFO  BaseClass:13 - Test StartshomePage
2021-08-16 15:51:23 INFO  BaseClass:98 - Document Ready State is : complete
2021-08-16 15:51:23 INFO  BaseClass:19 - Test PassedhomePage
2021-08-16 15:51:30 INFO  BaseClass:98 - Document Ready State is : complete
2021-08-16 15:51:32 INFO  BaseClass:98 - Document Ready State is : complete
2021-08-16 15:51:32 INFO  BaseClass:98 - Document Ready State is : complete
2021-08-16 15:51:37 INFO  BaseClass:98 - Document Ready State is : complete
2021-08-16 15:51:37 INFO  BaseClass:98 - Document Ready State is : complete
2021-08-16 15:51:37 INFO  BaseClass:13 - Test StartsSignUp
2021-08-16 15:51:46 INFO  BaseClass:98 - Document Ready State is : complete
2021-08-16 15:51:48 INFO  BaseClass:98 - Document Ready State is : complete
2021-08-16 15:51:48 INFO  BaseClass:98 - Document Ready State is : complete
2021-08-16 15:51:53 INFO  BaseClass:98 - Document Ready State is : complete
2021-08-16 15:51:53 INFO  BaseClass:98 - Document Ready State is : complete
2021-08-16 15:51:53 INFO  BaseClass:13 - Test StartsSignUp
2021-08-16 15:52:02 INFO  BaseClass:98 - Document Ready State is : complete
2021-08-16 15:52:04 INFO  BaseClass:98 - Document Ready State is : complete
2021-08-16 15:52:05 INFO  BaseClass:98 - Document Ready State is : complete
2021-08-16 15:52:09 INFO  BaseClass:98 - Document Ready State is : complete
2021-08-16 15:52:09 INFO  BaseClass:98 - Document Ready State is : complete
2021-08-16 15:52:09 INFO  BaseClass:13 - Test StartsSignUp
2021-08-16 15:52:10 INFO  BaseClass:24 - Test FailedSignUpTake Screen Shot!!!!!
2021-08-16 15:52:19 INFO  BaseClass:98 - Document Ready State is : complete
2021-08-16 15:52:21 INFO  BaseClass:98 - Document Ready State is : complete
2021-08-16 15:52:21 INFO  BaseClass:98 - Document Ready State is : complete
2021-08-16 15:52:21 INFO  BaseClass:13 - Test StartsclassicTab
2021-08-16 15:52:26 INFO  BaseClass:98 - Document Ready State is : complete
2021-08-16 15:52:26 INFO  BaseClass:19 - Test PassedclassicTab
2021-08-16 15:52:34 INFO  BaseClass:98 - Document Ready State is : complete
2021-08-16 15:52:36 INFO  BaseClass:98 - Document Ready State is : complete
2021-08-16 15:52:36 INFO  BaseClass:98 - Document Ready State is : complete
2021-08-16 15:52:36 INFO  BaseClass:13 - Test StartsselectPriceOfPlan
2021-08-16 15:52:37 INFO  BaseClass:19 - Test PassedselectPriceOfPlan
2021-08-16 16:16:55 INFO  BaseClass:98 - Document Ready State is : complete
2021-08-16 16:16:55 INFO  BaseClass:13 - Test StartshomePage
2021-08-16 16:16:59 INFO  BaseClass:98 - Document Ready State is : complete
2021-08-16 16:16:59 INFO  BaseClass:19 - Test PassedhomePage
2021-08-16 16:17:06 INFO  BaseClass:98 - Document Ready State is : complete
2021-08-16 16:17:07 INFO  BaseClass:101 - Document is not in Ready State : loading
2021-08-16 16:17:07 INFO  BaseClass:101 - Document is not in Ready State : loading
2021-08-16 16:17:07 INFO  BaseClass:101 - Document is not in Ready State : interactive
2021-08-16 16:17:07 INFO  BaseClass:101 - Document is not in Ready State : interactive
2021-08-16 16:17:07 INFO  BaseClass:101 - Document is not in Ready State : interactive
2021-08-16 16:17:07 INFO  BaseClass:101 - Document is not in Ready State : interactive
2021-08-16 16:17:07 INFO  BaseClass:101 - Document is not in Ready State : interactive
2021-08-16 16:17:07 INFO  BaseClass:101 - Document is not in Ready State : interactive
2021-08-16 16:17:08 INFO  BaseClass:101 - Document is not in Ready State : interactive
2021-08-16 16:17:08 INFO  BaseClass:101 - Document is not in Ready State : interactive
2021-08-16 16:17:08 INFO  BaseClass:101 - Document is not in Ready State : interactive
2021-08-16 16:17:08 INFO  BaseClass:101 - Document is not in Ready State : interactive
2021-08-16 16:17:08 INFO  BaseClass:101 - Document is not in Ready State : interactive
2021-08-16 16:17:08 INFO  BaseClass:101 - Document is not in Ready State : interactive
2021-08-16 16:17:08 INFO  BaseClass:101 - Document is not in Ready State : interactive
2021-08-16 16:17:08 INFO  BaseClass:101 - Document is not in Ready State : interactive
2021-08-16 16:17:08 INFO  BaseClass:101 - Document is not in Ready State : interactive
2021-08-16 16:17:08 INFO  BaseClass:101 - Document is not in Ready State : interactive
2021-08-16 16:17:08 INFO  BaseClass:101 - Document is not in Ready State : interactive
2021-08-16 16:17:08 INFO  BaseClass:101 - Document is not in Ready State : interactive
2021-08-16 16:17:08 INFO  BaseClass:101 - Document is not in Ready State : interactive
2021-08-16 16:17:08 INFO  BaseClass:101 - Document is not in Ready State : interactive
2021-08-16 16:17:08 INFO  BaseClass:101 - Document is not in Ready State : interactive
2021-08-16 16:17:08 INFO  BaseClass:101 - Document is not in Ready State : interactive
2021-08-16 16:17:08 INFO  BaseClass:101 - Document is not in Ready State : interactive
2021-08-16 16:17:08 INFO  BaseClass:101 - Document is not in Ready State : interactive
2021-08-16 16:17:08 INFO  BaseClass:101 - Document is not in Ready State : interactive
2021-08-16 16:17:08 INFO  BaseClass:101 - Document is not in Ready State : interactive
2021-08-16 16:17:08 INFO  BaseClass:101 - Document is not in Ready State : interactive
2021-08-16 16:17:08 INFO  BaseClass:101 - Document is not in Ready State : interactive
2021-08-16 16:17:08 INFO  BaseClass:101 - Document is not in Ready State : interactive
2021-08-16 16:17:08 INFO  BaseClass:101 - Document is not in Ready State : interactive
2021-08-16 16:17:08 INFO  BaseClass:101 - Document is not in Ready State : interactive
2021-08-16 16:17:08 INFO  BaseClass:101 - Document is not in Ready State : interactive
2021-08-16 16:17:08 INFO  BaseClass:101 - Document is not in Ready State : interactive
2021-08-16 16:17:08 INFO  BaseClass:101 - Document is not in Ready State : interactive
2021-08-16 16:17:08 INFO  BaseClass:101 - Document is not in Ready State : interactive
2021-08-16 16:17:08 INFO  BaseClass:101 - Document is not in Ready State : interactive
2021-08-16 16:17:08 INFO  BaseClass:101 - Document is not in Ready State : interactive
2021-08-16 16:17:08 INFO  BaseClass:101 - Document is not in Ready State : interactive
2021-08-16 16:17:08 INFO  BaseClass:101 - Document is not in Ready State : interactive
2021-08-16 16:17:08 INFO  BaseClass:101 - Document is not in Ready State : interactive
2021-08-16 16:17:08 INFO  BaseClass:101 - Document is not in Ready State : interactive
2021-08-16 16:17:08 INFO  BaseClass:101 - Document is not in Ready State : interactive
2021-08-16 16:17:08 INFO  BaseClass:101 - Document is not in Ready State : interactive
2021-08-16 16:17:08 INFO  BaseClass:101 - Document is not in Ready State : interactive
2021-08-16 16:17:08 INFO  BaseClass:101 - Document is not in Ready State : interactive
2021-08-16 16:17:08 INFO  BaseClass:101 - Document is not in Ready State : interactive
2021-08-16 16:17:08 INFO  BaseClass:101 - Document is not in Ready State : interactive
2021-08-16 16:17:08 INFO  BaseClass:101 - Document is not in Ready State : interactive
2021-08-16 16:17:09 INFO  BaseClass:101 - Document is not in Ready State : interactive
2021-08-16 16:17:09 INFO  BaseClass:101 - Document is not in Ready State : interactive
2021-08-16 16:17:09 INFO  BaseClass:101 - Document is not in Ready State : interactive
2021-08-16 16:17:09 INFO  BaseClass:101 - Document is not in Ready State : interactive
2021-08-16 16:17:09 INFO  BaseClass:101 - Document is not in Ready State : interactive
2021-08-16 16:17:09 INFO  BaseClass:101 - Document is not in Ready State : interactive
2021-08-16 16:17:09 INFO  BaseClass:101 - Document is not in Ready State : interactive
2021-08-16 16:17:09 INFO  BaseClass:101 - Document is not in Ready State : interactive
2021-08-16 16:17:09 INFO  BaseClass:101 - Document is not in Ready State : interactive
2021-08-16 16:17:09 INFO  BaseClass:98 - Document Ready State is : complete
2021-08-16 16:17:09 INFO  BaseClass:98 - Document Ready State is : complete
2021-08-16 16:17:13 INFO  BaseClass:98 - Document Ready State is : complete
2021-08-16 16:17:13 INFO  BaseClass:98 - Document Ready State is : complete
2021-08-16 16:17:13 INFO  BaseClass:13 - Test StartsSignUp
2021-08-16 16:17:21 INFO  BaseClass:98 - Document Ready State is : complete
2021-08-16 16:17:24 INFO  BaseClass:98 - Document Ready State is : complete
2021-08-16 16:17:24 INFO  BaseClass:98 - Document Ready State is : complete
2021-08-16 16:17:28 INFO  BaseClass:98 - Document Ready State is : complete
2021-08-16 16:17:28 INFO  BaseClass:98 - Document Ready State is : complete
2021-08-16 16:17:28 INFO  BaseClass:13 - Test StartsSignUp
2021-08-16 16:17:36 INFO  BaseClass:98 - Document Ready State is : complete
2021-08-16 16:17:39 INFO  BaseClass:98 - Document Ready State is : complete
2021-08-16 16:17:39 INFO  BaseClass:98 - Document Ready State is : complete
2021-08-16 16:17:44 INFO  BaseClass:98 - Document Ready State is : complete
2021-08-16 16:17:44 INFO  BaseClass:98 - Document Ready State is : complete
2021-08-16 16:17:44 INFO  BaseClass:13 - Test StartsSignUp
2021-08-16 16:17:45 INFO  BaseClass:24 - Test FailedSignUpTake Screen Shot!!!!!
2021-08-16 16:17:54 INFO  BaseClass:98 - Document Ready State is : complete
2021-08-16 16:17:55 INFO  BaseClass:101 - Document is not in Ready State : loading
2021-08-16 16:17:55 INFO  BaseClass:101 - Document is not in Ready State : interactive
2021-08-16 16:17:55 INFO  BaseClass:101 - Document is not in Ready State : interactive
2021-08-16 16:17:55 INFO  BaseClass:101 - Document is not in Ready State : interactive
2021-08-16 16:17:55 INFO  BaseClass:101 - Document is not in Ready State : interactive
2021-08-16 16:17:55 INFO  BaseClass:101 - Document is not in Ready State : interactive
2021-08-16 16:17:55 INFO  BaseClass:101 - Document is not in Ready State : interactive
2021-08-16 16:17:55 INFO  BaseClass:101 - Document is not in Ready State : interactive
2021-08-16 16:17:55 INFO  BaseClass:101 - Document is not in Ready State : interactive
2021-08-16 16:17:55 INFO  BaseClass:101 - Document is not in Ready State : interactive
2021-08-16 16:17:55 INFO  BaseClass:101 - Document is not in Ready State : interactive
2021-08-16 16:17:56 INFO  BaseClass:101 - Document is not in Ready State : interactive
2021-08-16 16:17:56 INFO  BaseClass:101 - Document is not in Ready State : interactive
2021-08-16 16:17:56 INFO  BaseClass:101 - Document is not in Ready State : interactive
2021-08-16 16:17:56 INFO  BaseClass:101 - Document is not in Ready State : interactive
2021-08-16 16:17:56 INFO  BaseClass:101 - Document is not in Ready State : interactive
2021-08-16 16:17:56 INFO  BaseClass:101 - Document is not in Ready State : interactive
2021-08-16 16:17:56 INFO  BaseClass:101 - Document is not in Ready State : interactive
2021-08-16 16:17:56 INFO  BaseClass:101 - Document is not in Ready State : interactive
2021-08-16 16:17:56 INFO  BaseClass:101 - Document is not in Ready State : interactive
2021-08-16 16:17:56 INFO  BaseClass:101 - Document is not in Ready State : interactive
2021-08-16 16:17:56 INFO  BaseClass:101 - Document is not in Ready State : interactive
2021-08-16 16:17:56 INFO  BaseClass:101 - Document is not in Ready State : interactive
2021-08-16 16:17:56 INFO  BaseClass:101 - Document is not in Ready State : interactive
2021-08-16 16:17:56 INFO  BaseClass:101 - Document is not in Ready State : interactive
2021-08-16 16:17:56 INFO  BaseClass:101 - Document is not in Ready State : interactive
2021-08-16 16:17:56 INFO  BaseClass:101 - Document is not in Ready State : interactive
2021-08-16 16:17:56 INFO  BaseClass:101 - Document is not in Ready State : interactive
2021-08-16 16:17:56 INFO  BaseClass:101 - Document is not in Ready State : interactive
2021-08-16 16:17:56 INFO  BaseClass:101 - Document is not in Ready State : interactive
2021-08-16 16:17:56 INFO  BaseClass:101 - Document is not in Ready State : interactive
2021-08-16 16:17:56 INFO  BaseClass:101 - Document is not in Ready State : interactive
2021-08-16 16:17:56 INFO  BaseClass:101 - Document is not in Ready State : interactive
2021-08-16 16:17:56 INFO  BaseClass:101 - Document is not in Ready State : interactive
2021-08-16 16:17:56 INFO  BaseClass:101 - Document is not in Ready State : interactive
2021-08-16 16:17:56 INFO  BaseClass:101 - Document is not in Ready State : interactive
2021-08-16 16:17:56 INFO  BaseClass:101 - Document is not in Ready State : interactive
2021-08-16 16:17:56 INFO  BaseClass:101 - Document is not in Ready State : interactive
2021-08-16 16:17:56 INFO  BaseClass:101 - Document is not in Ready State : interactive
2021-08-16 16:17:56 INFO  BaseClass:101 - Document is not in Ready State : interactive
2021-08-16 16:17:56 INFO  BaseClass:101 - Document is not in Ready State : interactive
2021-08-16 16:17:56 INFO  BaseClass:101 - Document is not in Ready State : interactive
2021-08-16 16:17:57 INFO  BaseClass:101 - Document is not in Ready State : interactive
2021-08-16 16:17:57 INFO  BaseClass:101 - Document is not in Ready State : interactive
2021-08-16 16:17:57 INFO  BaseClass:98 - Document Ready State is : complete
2021-08-16 16:17:57 INFO  BaseClass:98 - Document Ready State is : complete
2021-08-16 16:17:57 INFO  BaseClass:13 - Test StartsclassicTab
2021-08-16 16:18:01 INFO  BaseClass:98 - Document Ready State is : complete
2021-08-16 16:18:01 INFO  BaseClass:19 - Test PassedclassicTab
2021-08-16 16:18:09 INFO  BaseClass:98 - Document Ready State is : complete
2021-08-16 16:18:11 INFO  BaseClass:98 - Document Ready State is : complete
2021-08-16 16:18:11 INFO  BaseClass:98 - Document Ready State is : complete
2021-08-16 16:18:11 INFO  BaseClass:13 - Test StartsselectPriceOfPlan
2021-08-16 16:18:12 INFO  BaseClass:19 - Test PassedselectPriceOfPlan
2021-08-16 17:16:23 INFO  BaseClass:98 - Document Ready State is : complete
2021-08-16 17:16:23 INFO  BaseClass:13 - Test StartshomePage
2021-08-16 17:16:26 INFO  BaseClass:98 - Document Ready State is : complete
2021-08-16 17:16:26 INFO  BaseClass:19 - Test PassedhomePage
2021-08-16 17:16:39 INFO  BaseClass:98 - Document Ready State is : complete
2021-08-16 17:16:40 INFO  BaseClass:101 - Document is not in Ready State : loading
2021-08-16 17:16:40 INFO  BaseClass:101 - Document is not in Ready State : interactive
2021-08-16 17:16:40 INFO  BaseClass:101 - Document is not in Ready State : interactive
2021-08-16 17:16:40 INFO  BaseClass:101 - Document is not in Ready State : interactive
2021-08-16 17:16:40 INFO  BaseClass:101 - Document is not in Ready State : interactive
2021-08-16 17:16:40 INFO  BaseClass:101 - Document is not in Ready State : interactive
2021-08-16 17:16:40 INFO  BaseClass:101 - Document is not in Ready State : interactive
2021-08-16 17:16:40 INFO  BaseClass:101 - Document is not in Ready State : interactive
2021-08-16 17:16:40 INFO  BaseClass:101 - Document is not in Ready State : interactive
2021-08-16 17:16:40 INFO  BaseClass:101 - Document is not in Ready State : interactive
2021-08-16 17:16:40 INFO  BaseClass:101 - Document is not in Ready State : interactive
2021-08-16 17:16:40 INFO  BaseClass:101 - Document is not in Ready State : interactive
2021-08-16 17:16:40 INFO  BaseClass:101 - Document is not in Ready State : interactive
2021-08-16 17:16:40 INFO  BaseClass:101 - Document is not in Ready State : interactive
2021-08-16 17:16:40 INFO  BaseClass:101 - Document is not in Ready State : interactive
2021-08-16 17:16:41 INFO  BaseClass:101 - Document is not in Ready State : interactive
2021-08-16 17:16:41 INFO  BaseClass:101 - Document is not in Ready State : interactive
2021-08-16 17:16:41 INFO  BaseClass:101 - Document is not in Ready State : interactive
2021-08-16 17:16:41 INFO  BaseClass:101 - Document is not in Ready State : interactive
2021-08-16 17:16:41 INFO  BaseClass:101 - Document is not in Ready State : interactive
2021-08-16 17:16:41 INFO  BaseClass:101 - Document is not in Ready State : interactive
2021-08-16 17:16:41 INFO  BaseClass:101 - Document is not in Ready State : interactive
2021-08-16 17:16:41 INFO  BaseClass:101 - Document is not in Ready State : interactive
2021-08-16 17:16:41 INFO  BaseClass:101 - Document is not in Ready State : interactive
2021-08-16 17:16:41 INFO  BaseClass:101 - Document is not in Ready State : interactive
2021-08-16 17:16:41 INFO  BaseClass:101 - Document is not in Ready State : interactive
2021-08-16 17:16:41 INFO  BaseClass:101 - Document is not in Ready State : interactive
2021-08-16 17:16:41 INFO  BaseClass:101 - Document is not in Ready State : interactive
2021-08-16 17:16:41 INFO  BaseClass:101 - Document is not in Ready State : interactive
2021-08-16 17:16:41 INFO  BaseClass:101 - Document is not in Ready State : interactive
2021-08-16 17:16:41 INFO  BaseClass:101 - Document is not in Ready State : interactive
2021-08-16 17:16:41 INFO  BaseClass:101 - Document is not in Ready State : interactive
2021-08-16 17:16:41 INFO  BaseClass:101 - Document is not in Ready State : interactive
2021-08-16 17:16:41 INFO  BaseClass:101 - Document is not in Ready State : interactive
2021-08-16 17:16:42 INFO  BaseClass:101 - Document is not in Ready State : interactive
2021-08-16 17:16:42 INFO  BaseClass:101 - Document is not in Ready State : interactive
2021-08-16 17:16:42 INFO  BaseClass:101 - Document is not in Ready State : interactive
2021-08-16 17:16:42 INFO  BaseClass:101 - Document is not in Ready State : interactive
2021-08-16 17:16:42 INFO  BaseClass:101 - Document is not in Ready State : interactive
2021-08-16 17:16:42 INFO  BaseClass:101 - Document is not in Ready State : interactive
2021-08-16 17:16:42 INFO  BaseClass:101 - Document is not in Ready State : interactive
2021-08-16 17:16:42 INFO  BaseClass:101 - Document is not in Ready State : interactive
2021-08-16 17:16:42 INFO  BaseClass:101 - Document is not in Ready State : interactive
2021-08-16 17:16:42 INFO  BaseClass:101 - Document is not in Ready State : interactive
2021-08-16 17:16:42 INFO  BaseClass:101 - Document is not in Ready State : interactive
2021-08-16 17:16:42 INFO  BaseClass:101 - Document is not in Ready State : interactive
2021-08-16 17:16:42 INFO  BaseClass:101 - Document is not in Ready State : interactive
2021-08-16 17:16:42 INFO  BaseClass:101 - Document is not in Ready State : interactive
2021-08-16 17:16:42 INFO  BaseClass:101 - Document is not in Ready State : interactive
2021-08-16 17:16:42 INFO  BaseClass:101 - Document is not in Ready State : interactive
2021-08-16 17:16:42 INFO  BaseClass:101 - Document is not in Ready State : interactive
2021-08-16 17:16:42 INFO  BaseClass:101 - Document is not in Ready State : interactive
2021-08-16 17:16:42 INFO  BaseClass:101 - Document is not in Ready State : interactive
2021-08-16 17:16:42 INFO  BaseClass:101 - Document is not in Ready State : interactive
2021-08-16 17:16:42 INFO  BaseClass:101 - Document is not in Ready State : interactive
2021-08-16 17:16:42 INFO  BaseClass:101 - Document is not in Ready State : interactive
2021-08-16 17:16:42 INFO  BaseClass:101 - Document is not in Ready State : interactive
2021-08-16 17:16:42 INFO  BaseClass:101 - Document is not in Ready State : interactive
2021-08-16 17:16:42 INFO  BaseClass:101 - Document is not in Ready State : interactive
2021-08-16 17:16:42 INFO  BaseClass:101 - Document is not in Ready State : interactive
2021-08-16 17:16:42 INFO  BaseClass:101 - Document is not in Ready State : interactive
2021-08-16 17:16:42 INFO  BaseClass:101 - Document is not in Ready State : interactive
2021-08-16 17:16:42 INFO  BaseClass:101 - Document is not in Ready State : interactive
2021-08-16 17:16:42 INFO  BaseClass:101 - Document is not in Ready State : interactive
2021-08-16 17:16:42 INFO  BaseClass:101 - Document is not in Ready State : interactive
2021-08-16 17:16:42 INFO  BaseClass:101 - Document is not in Ready State : interactive
2021-08-16 17:16:42 INFO  BaseClass:101 - Document is not in Ready State : interactive
2021-08-16 17:16:42 INFO  BaseClass:101 - Document is not in Ready State : interactive
2021-08-16 17:16:42 INFO  BaseClass:101 - Document is not in Ready State : interactive
2021-08-16 17:16:43 INFO  BaseClass:101 - Document is not in Ready State : interactive
2021-08-16 17:16:43 INFO  BaseClass:101 - Document is not in Ready State : interactive
2021-08-16 17:16:43 INFO  BaseClass:101 - Document is not in Ready State : interactive
2021-08-16 17:16:43 INFO  BaseClass:101 - Document is not in Ready State : interactive
2021-08-16 17:16:43 INFO  BaseClass:101 - Document is not in Ready State : interactive
2021-08-16 17:16:43 INFO  BaseClass:101 - Document is not in Ready State : interactive
2021-08-16 17:16:43 INFO  BaseClass:101 - Document is not in Ready State : interactive
2021-08-16 17:16:43 INFO  BaseClass:101 - Document is not in Ready State : interactive
2021-08-16 17:16:43 INFO  BaseClass:101 - Document is not in Ready State : interactive
2021-08-16 17:16:43 INFO  BaseClass:101 - Document is not in Ready State : interactive
2021-08-16 17:16:43 INFO  BaseClass:101 - Document is not in Ready State : interactive
2021-08-16 17:16:43 INFO  BaseClass:101 - Document is not in Ready State : interactive
2021-08-16 17:16:43 INFO  BaseClass:101 - Document is not in Ready State : interactive
2021-08-16 17:16:43 INFO  BaseClass:101 - Document is not in Ready State : interactive
2021-08-16 17:16:43 INFO  BaseClass:101 - Document is not in Ready State : interactive
2021-08-16 17:16:43 INFO  BaseClass:101 - Document is not in Ready State : interactive
2021-08-16 17:16:43 INFO  BaseClass:101 - Document is not in Ready State : interactive
2021-08-16 17:16:43 INFO  BaseClass:101 - Document is not in Ready State : interactive
2021-08-16 17:16:43 INFO  BaseClass:101 - Document is not in Ready State : interactive
2021-08-16 17:16:43 INFO  BaseClass:101 - Document is not in Ready State : interactive
2021-08-16 17:16:43 INFO  BaseClass:101 - Document is not in Ready State : interactive
2021-08-16 17:16:43 INFO  BaseClass:101 - Document is not in Ready State : interactive
2021-08-16 17:16:43 INFO  BaseClass:101 - Document is not in Ready State : interactive
2021-08-16 17:16:43 INFO  BaseClass:101 - Document is not in Ready State : interactive
2021-08-16 17:16:43 INFO  BaseClass:101 - Document is not in Ready State : interactive
2021-08-16 17:16:43 INFO  BaseClass:101 - Document is not in Ready State : interactive
2021-08-16 17:16:43 INFO  BaseClass:101 - Document is not in Ready State : interactive
2021-08-16 17:16:43 INFO  BaseClass:101 - Document is not in Ready State : interactive
2021-08-16 17:16:43 INFO  BaseClass:101 - Document is not in Ready State : interactive
2021-08-16 17:16:43 INFO  BaseClass:101 - Document is not in Ready State : interactive
2021-08-16 17:16:43 INFO  BaseClass:101 - Document is not in Ready State : interactive
2021-08-16 17:16:43 INFO  BaseClass:101 - Document is not in Ready State : interactive
2021-08-16 17:16:43 INFO  BaseClass:101 - Document is not in Ready State : interactive
2021-08-16 17:16:43 INFO  BaseClass:101 - Document is not in Ready State : interactive
2021-08-16 17:16:43 INFO  BaseClass:101 - Document is not in Ready State : interactive
2021-08-16 17:16:43 INFO  BaseClass:101 - Document is not in Ready State : interactive
2021-08-16 17:16:43 INFO  BaseClass:101 - Document is not in Ready State : interactive
2021-08-16 17:16:43 INFO  BaseClass:101 - Document is not in Ready State : interactive
2021-08-16 17:16:43 INFO  BaseClass:101 - Document is not in Ready State : interactive
2021-08-16 17:16:43 INFO  BaseClass:101 - Document is not in Ready State : interactive
2021-08-16 17:16:43 INFO  BaseClass:101 - Document is not in Ready State : interactive
2021-08-16 17:16:43 INFO  BaseClass:101 - Document is not in Ready State : interactive
2021-08-16 17:16:43 INFO  BaseClass:101 - Document is not in Ready State : interactive
2021-08-16 17:16:43 INFO  BaseClass:101 - Document is not in Ready State : interactive
2021-08-16 17:16:43 INFO  BaseClass:101 - Document is not in Ready State : interactive
2021-08-16 17:16:43 INFO  BaseClass:101 - Document is not in Ready State : interactive
2021-08-16 17:16:43 INFO  BaseClass:101 - Document is not in Ready State : interactive
2021-08-16 17:16:43 INFO  BaseClass:101 - Document is not in Ready State : interactive
2021-08-16 17:16:43 INFO  BaseClass:101 - Document is not in Ready State : interactive
2021-08-16 17:16:43 INFO  BaseClass:101 - Document is not in Ready State : interactive
2021-08-16 17:16:43 INFO  BaseClass:101 - Document is not in Ready State : interactive
2021-08-16 17:16:43 INFO  BaseClass:101 - Document is not in Ready State : interactive
2021-08-16 17:16:43 INFO  BaseClass:101 - Document is not in Ready State : interactive
2021-08-16 17:16:43 INFO  BaseClass:101 - Document is not in Ready State : interactive
2021-08-16 17:16:43 INFO  BaseClass:101 - Document is not in Ready State : interactive
2021-08-16 17:16:43 INFO  BaseClass:101 - Document is not in Ready State : interactive
2021-08-16 17:16:44 INFO  BaseClass:101 - Document is not in Ready State : interactive
2021-08-16 17:16:44 INFO  BaseClass:101 - Document is not in Ready State : interactive
2021-08-16 17:16:44 INFO  BaseClass:101 - Document is not in Ready State : interactive
2021-08-16 17:16:44 INFO  BaseClass:101 - Document is not in Ready State : interactive
2021-08-16 17:16:44 INFO  BaseClass:101 - Document is not in Ready State : interactive
2021-08-16 17:16:44 INFO  BaseClass:101 - Document is not in Ready State : interactive
2021-08-16 17:16:44 INFO  BaseClass:101 - Document is not in Ready State : interactive
2021-08-16 17:16:44 INFO  BaseClass:101 - Document is not in Ready State : interactive
2021-08-16 17:16:44 INFO  BaseClass:101 - Document is not in Ready State : interactive
2021-08-16 17:16:44 INFO  BaseClass:101 - Document is not in Ready State : interactive
2021-08-16 17:16:44 INFO  BaseClass:101 - Document is not in Ready State : interactive
2021-08-16 17:16:44 INFO  BaseClass:101 - Document is not in Ready State : interactive
2021-08-16 17:16:44 INFO  BaseClass:101 - Document is not in Ready State : interactive
2021-08-16 17:16:44 INFO  BaseClass:101 - Document is not in Ready State : interactive
2021-08-16 17:16:44 INFO  BaseClass:101 - Document is not in Ready State : interactive
2021-08-16 17:16:44 INFO  BaseClass:101 - Document is not in Ready State : interactive
2021-08-16 17:16:44 INFO  BaseClass:101 - Document is not in Ready State : interactive
2021-08-16 17:16:44 INFO  BaseClass:101 - Document is not in Ready State : interactive
2021-08-16 17:16:44 INFO  BaseClass:101 - Document is not in Ready State : interactive
2021-08-16 17:16:44 INFO  BaseClass:101 - Document is not in Ready State : interactive
2021-08-16 17:16:44 INFO  BaseClass:101 - Document is not in Ready State : interactive
2021-08-16 17:16:44 INFO  BaseClass:101 - Document is not in Ready State : interactive
2021-08-16 17:16:44 INFO  BaseClass:101 - Document is not in Ready State : interactive
2021-08-16 17:16:44 INFO  BaseClass:101 - Document is not in Ready State : interactive
2021-08-16 17:16:44 INFO  BaseClass:101 - Document is not in Ready State : interactive
2021-08-16 17:16:44 INFO  BaseClass:101 - Document is not in Ready State : interactive
2021-08-16 17:16:44 INFO  BaseClass:101 - Document is not in Ready State : interactive
2021-08-16 17:16:44 INFO  BaseClass:101 - Document is not in Ready State : interactive
2021-08-16 17:16:44 INFO  BaseClass:101 - Document is not in Ready State : interactive
2021-08-16 17:16:44 INFO  BaseClass:101 - Document is not in Ready State : interactive
2021-08-16 17:16:44 INFO  BaseClass:101 - Document is not in Ready State : interactive
2021-08-16 17:16:44 INFO  BaseClass:101 - Document is not in Ready State : interactive
2021-08-16 17:16:44 INFO  BaseClass:101 - Document is not in Ready State : interactive
2021-08-16 17:16:44 INFO  BaseClass:101 - Document is not in Ready State : interactive
2021-08-16 17:16:44 INFO  BaseClass:101 - Document is not in Ready State : interactive
2021-08-16 17:16:44 INFO  BaseClass:101 - Document is not in Ready State : interactive
2021-08-16 17:16:44 INFO  BaseClass:101 - Document is not in Ready State : interactive
2021-08-16 17:16:44 INFO  BaseClass:101 - Document is not in Ready State : interactive
2021-08-16 17:16:44 INFO  BaseClass:101 - Document is not in Ready State : interactive
2021-08-16 17:16:44 INFO  BaseClass:101 - Document is not in Ready State : interactive
2021-08-16 17:16:44 INFO  BaseClass:101 - Document is not in Ready State : interactive
2021-08-16 17:16:44 INFO  BaseClass:101 - Document is not in Ready State : interactive
2021-08-16 17:16:44 INFO  BaseClass:101 - Document is not in Ready State : interactive
2021-08-16 17:16:44 INFO  BaseClass:101 - Document is not in Ready State : interactive
2021-08-16 17:16:44 INFO  BaseClass:101 - Document is not in Ready State : interactive
2021-08-16 17:16:44 INFO  BaseClass:101 - Document is not in Ready State : interactive
2021-08-16 17:16:44 INFO  BaseClass:101 - Document is not in Ready State : interactive
2021-08-16 17:16:44 INFO  BaseClass:101 - Document is not in Ready State : interactive
2021-08-16 17:16:44 INFO  BaseClass:101 - Document is not in Ready State : interactive
2021-08-16 17:16:44 INFO  BaseClass:101 - Document is not in Ready State : interactive
2021-08-16 17:16:44 INFO  BaseClass:101 - Document is not in Ready State : interactive
2021-08-16 17:16:44 INFO  BaseClass:101 - Document is not in Ready State : interactive
2021-08-16 17:16:44 INFO  BaseClass:101 - Document is not in Ready State : interactive
2021-08-16 17:16:44 INFO  BaseClass:101 - Document is not in Ready State : interactive
2021-08-16 17:16:44 INFO  BaseClass:101 - Document is not in Ready State : interactive
2021-08-16 17:16:44 INFO  BaseClass:101 - Document is not in Ready State : interactive
2021-08-16 17:16:44 INFO  BaseClass:101 - Document is not in Ready State : interactive
2021-08-16 17:16:44 INFO  BaseClass:101 - Document is not in Ready State : interactive
2021-08-16 17:16:44 INFO  BaseClass:101 - Document is not in Ready State : interactive
2021-08-16 17:16:44 INFO  BaseClass:101 - Document is not in Ready State : interactive
2021-08-16 17:16:44 INFO  BaseClass:101 - Document is not in Ready State : interactive
2021-08-16 17:16:44 INFO  BaseClass:101 - Document is not in Ready State : interactive
2021-08-16 17:16:44 INFO  BaseClass:101 - Document is not in Ready State : interactive
2021-08-16 17:16:44 INFO  BaseClass:101 - Document is not in Ready State : interactive
2021-08-16 17:16:45 INFO  BaseClass:101 - Document is not in Ready State : interactive
2021-08-16 17:16:45 INFO  BaseClass:101 - Document is not in Ready State : interactive
2021-08-16 17:16:45 INFO  BaseClass:101 - Document is not in Ready State : interactive
2021-08-16 17:16:45 INFO  BaseClass:101 - Document is not in Ready State : interactive
2021-08-16 17:16:45 INFO  BaseClass:101 - Document is not in Ready State : interactive
2021-08-16 17:16:45 INFO  BaseClass:101 - Document is not in Ready State : interactive
2021-08-16 17:16:45 INFO  BaseClass:101 - Document is not in Ready State : interactive
2021-08-16 17:16:45 INFO  BaseClass:101 - Document is not in Ready State : interactive
2021-08-16 17:16:45 INFO  BaseClass:101 - Document is not in Ready State : interactive
2021-08-16 17:16:45 INFO  BaseClass:101 - Document is not in Ready State : interactive
2021-08-16 17:16:45 INFO  BaseClass:101 - Document is not in Ready State : interactive
2021-08-16 17:16:45 INFO  BaseClass:101 - Document is not in Ready State : interactive
2021-08-16 17:16:45 INFO  BaseClass:101 - Document is not in Ready State : interactive
2021-08-16 17:16:45 INFO  BaseClass:101 - Document is not in Ready State : interactive
2021-08-16 17:16:45 INFO  BaseClass:101 - Document is not in Ready State : interactive
2021-08-16 17:16:45 INFO  BaseClass:101 - Document is not in Ready State : interactive
2021-08-16 17:16:45 INFO  BaseClass:101 - Document is not in Ready State : interactive
2021-08-16 17:16:45 INFO  BaseClass:101 - Document is not in Ready State : interactive
2021-08-16 17:16:45 INFO  BaseClass:101 - Document is not in Ready State : interactive
2021-08-16 17:16:45 INFO  BaseClass:101 - Document is not in Ready State : interactive
2021-08-16 17:16:45 INFO  BaseClass:101 - Document is not in Ready State : interactive
2021-08-16 17:16:45 INFO  BaseClass:101 - Document is not in Ready State : interactive
2021-08-16 17:16:45 INFO  BaseClass:101 - Document is not in Ready State : interactive
2021-08-16 17:16:45 INFO  BaseClass:101 - Document is not in Ready State : interactive
2021-08-16 17:16:45 INFO  BaseClass:101 - Document is not in Ready State : interactive
2021-08-16 17:16:45 INFO  BaseClass:101 - Document is not in Ready State : interactive
2021-08-16 17:16:45 INFO  BaseClass:101 - Document is not in Ready State : interactive
2021-08-16 17:16:45 INFO  BaseClass:101 - Document is not in Ready State : interactive
2021-08-16 17:16:45 INFO  BaseClass:101 - Document is not in Ready State : interactive
2021-08-16 17:16:45 INFO  BaseClass:101 - Document is not in Ready State : interactive
2021-08-16 17:16:45 INFO  BaseClass:101 - Document is not in Ready State : interactive
2021-08-16 17:16:45 INFO  BaseClass:101 - Document is not in Ready State : interactive
2021-08-16 17:16:45 INFO  BaseClass:101 - Document is not in Ready State : interactive
2021-08-16 17:16:45 INFO  BaseClass:101 - Document is not in Ready State : interactive
2021-08-16 17:16:45 INFO  BaseClass:101 - Document is not in Ready State : interactive
2021-08-16 17:16:45 INFO  BaseClass:101 - Document is not in Ready State : interactive
2021-08-16 17:16:45 INFO  BaseClass:101 - Document is not in Ready State : interactive
2021-08-16 17:16:45 INFO  BaseClass:101 - Document is not in Ready State : interactive
2021-08-16 17:16:45 INFO  BaseClass:101 - Document is not in Ready State : interactive
2021-08-16 17:16:45 INFO  BaseClass:101 - Document is not in Ready State : interactive
2021-08-16 17:16:45 INFO  BaseClass:101 - Document is not in Ready State : interactive
2021-08-16 17:16:45 INFO  BaseClass:101 - Document is not in Ready State : interactive
2021-08-16 17:16:45 INFO  BaseClass:101 - Document is not in Ready State : interactive
2021-08-16 17:16:45 INFO  BaseClass:101 - Document is not in Ready State : interactive
2021-08-16 17:16:45 INFO  BaseClass:101 - Document is not in Ready State : interactive
2021-08-16 17:16:45 INFO  BaseClass:101 - Document is not in Ready State : interactive
2021-08-16 17:16:45 INFO  BaseClass:101 - Document is not in Ready State : interactive
2021-08-16 17:16:45 INFO  BaseClass:101 - Document is not in Ready State : interactive
2021-08-16 17:16:45 INFO  BaseClass:101 - Document is not in Ready State : interactive
2021-08-16 17:16:45 INFO  BaseClass:101 - Document is not in Ready State : interactive
2021-08-16 17:16:45 INFO  BaseClass:101 - Document is not in Ready State : interactive
2021-08-16 17:16:45 INFO  BaseClass:101 - Document is not in Ready State : interactive
2021-08-16 17:16:45 INFO  BaseClass:101 - Document is not in Ready State : interactive
2021-08-16 17:16:45 INFO  BaseClass:101 - Document is not in Ready State : interactive
2021-08-16 17:16:45 INFO  BaseClass:101 - Document is not in Ready State : interactive
2021-08-16 17:16:45 INFO  BaseClass:101 - Document is not in Ready State : interactive
2021-08-16 17:16:45 INFO  BaseClass:101 - Document is not in Ready State : interactive
2021-08-16 17:16:45 INFO  BaseClass:101 - Document is not in Ready State : interactive
2021-08-16 17:16:45 INFO  BaseClass:101 - Document is not in Ready State : interactive
2021-08-16 17:16:45 INFO  BaseClass:101 - Document is not in Ready State : interactive
2021-08-16 17:16:45 INFO  BaseClass:101 - Document is not in Ready State : interactive
2021-08-16 17:16:45 INFO  BaseClass:101 - Document is not in Ready State : interactive
2021-08-16 17:16:45 INFO  BaseClass:101 - Document is not in Ready State : interactive
2021-08-16 17:16:45 INFO  BaseClass:101 - Document is not in Ready State : interactive
2021-08-16 17:16:46 INFO  BaseClass:101 - Document is not in Ready State : interactive
2021-08-16 17:16:46 INFO  BaseClass:101 - Document is not in Ready State : interactive
2021-08-16 17:16:46 INFO  BaseClass:101 - Document is not in Ready State : interactive
2021-08-16 17:16:46 INFO  BaseClass:101 - Document is not in Ready State : interactive
2021-08-16 17:16:46 INFO  BaseClass:101 - Document is not in Ready State : interactive
2021-08-16 17:16:46 INFO  BaseClass:101 - Document is not in Ready State : interactive
2021-08-16 17:16:46 INFO  BaseClass:101 - Document is not in Ready State : interactive
2021-08-16 17:16:46 INFO  BaseClass:101 - Document is not in Ready State : interactive
2021-08-16 17:16:46 INFO  BaseClass:101 - Document is not in Ready State : interactive
2021-08-16 17:16:46 INFO  BaseClass:101 - Document is not in Ready State : interactive
2021-08-16 17:16:46 INFO  BaseClass:101 - Document is not in Ready State : interactive
2021-08-16 17:16:46 INFO  BaseClass:101 - Document is not in Ready State : interactive
2021-08-16 17:16:46 INFO  BaseClass:101 - Document is not in Ready State : interactive
2021-08-16 17:16:46 INFO  BaseClass:101 - Document is not in Ready State : interactive
2021-08-16 17:16:46 INFO  BaseClass:101 - Document is not in Ready State : interactive
2021-08-16 17:16:46 INFO  BaseClass:101 - Document is not in Ready State : interactive
2021-08-16 17:16:46 INFO  BaseClass:101 - Document is not in Ready State : interactive
2021-08-16 17:16:46 INFO  BaseClass:101 - Document is not in Ready State : interactive
2021-08-16 17:16:46 INFO  BaseClass:101 - Document is not in Ready State : interactive
2021-08-16 17:16:46 INFO  BaseClass:101 - Document is not in Ready State : interactive
2021-08-16 17:16:46 INFO  BaseClass:101 - Document is not in Ready State : interactive
2021-08-16 17:16:46 INFO  BaseClass:101 - Document is not in Ready State : interactive
2021-08-16 17:16:46 INFO  BaseClass:101 - Document is not in Ready State : interactive
2021-08-16 17:16:46 INFO  BaseClass:101 - Document is not in Ready State : interactive
2021-08-16 17:16:46 INFO  BaseClass:101 - Document is not in Ready State : interactive
2021-08-16 17:16:46 INFO  BaseClass:101 - Document is not in Ready State : interactive
2021-08-16 17:16:46 INFO  BaseClass:101 - Document is not in Ready State : interactive
2021-08-16 17:16:46 INFO  BaseClass:101 - Document is not in Ready State : interactive
2021-08-16 17:16:46 INFO  BaseClass:101 - Document is not in Ready State : interactive
2021-08-16 17:16:46 INFO  BaseClass:101 - Document is not in Ready State : interactive
2021-08-16 17:16:46 INFO  BaseClass:101 - Document is not in Ready State : interactive
2021-08-16 17:16:46 INFO  BaseClass:101 - Document is not in Ready State : interactive
2021-08-16 17:16:46 INFO  BaseClass:101 - Document is not in Ready State : interactive
2021-08-16 17:16:46 INFO  BaseClass:101 - Document is not in Ready State : interactive
2021-08-16 17:16:46 INFO  BaseClass:98 - Document Ready State is : complete
2021-08-16 17:16:46 INFO  BaseClass:98 - Document Ready State is : complete
2021-08-16 17:16:50 INFO  BaseClass:98 - Document Ready State is : complete
2021-08-16 17:16:50 INFO  BaseClass:98 - Document Ready State is : complete
2021-08-16 17:16:50 INFO  BaseClass:13 - Test StartsSignUp
2021-08-16 17:17:00 INFO  BaseClass:98 - Document Ready State is : complete
2021-08-16 17:17:02 INFO  BaseClass:98 - Document Ready State is : complete
2021-08-16 17:17:02 INFO  BaseClass:98 - Document Ready State is : complete
2021-08-16 17:17:07 INFO  BaseClass:98 - Document Ready State is : complete
2021-08-16 17:17:07 INFO  BaseClass:98 - Document Ready State is : complete
2021-08-16 17:17:07 INFO  BaseClass:13 - Test StartsSignUp
2021-08-16 17:17:16 INFO  BaseClass:98 - Document Ready State is : complete
2021-08-16 17:17:19 INFO  BaseClass:98 - Document Ready State is : complete
2021-08-16 17:17:19 INFO  BaseClass:98 - Document Ready State is : complete
2021-08-16 17:17:22 INFO  BaseClass:98 - Document Ready State is : complete
2021-08-16 17:17:23 INFO  BaseClass:98 - Document Ready State is : complete
2021-08-16 17:17:23 INFO  BaseClass:13 - Test StartsSignUp
2021-08-16 17:17:23 INFO  BaseClass:24 - Test FailedSignUpTake Screen Shot!!!!!
2021-08-16 17:17:36 INFO  BaseClass:98 - Document Ready State is : complete
2021-08-16 17:17:40 INFO  BaseClass:98 - Document Ready State is : complete
2021-08-16 17:17:40 INFO  BaseClass:98 - Document Ready State is : complete
2021-08-16 17:17:40 INFO  BaseClass:13 - Test StartsclassicTab
2021-08-16 17:17:46 INFO  BaseClass:98 - Document Ready State is : complete
2021-08-16 17:17:46 INFO  BaseClass:19 - Test PassedclassicTab
2021-08-16 17:17:55 INFO  BaseClass:98 - Document Ready State is : complete
2021-08-16 17:17:56 INFO  BaseClass:101 - Document is not in Ready State : loading
2021-08-16 17:17:56 INFO  BaseClass:101 - Document is not in Ready State : interactive
2021-08-16 17:17:56 INFO  BaseClass:101 - Document is not in Ready State : interactive
2021-08-16 17:17:56 INFO  BaseClass:101 - Document is not in Ready State : interactive
2021-08-16 17:17:56 INFO  BaseClass:101 - Document is not in Ready State : interactive
2021-08-16 17:17:56 INFO  BaseClass:101 - Document is not in Ready State : interactive
2021-08-16 17:17:56 INFO  BaseClass:101 - Document is not in Ready State : interactive
2021-08-16 17:17:56 INFO  BaseClass:101 - Document is not in Ready State : interactive
2021-08-16 17:17:56 INFO  BaseClass:101 - Document is not in Ready State : interactive
2021-08-16 17:17:57 INFO  BaseClass:101 - Document is not in Ready State : interactive
2021-08-16 17:17:57 INFO  BaseClass:101 - Document is not in Ready State : interactive
2021-08-16 17:17:57 INFO  BaseClass:101 - Document is not in Ready State : interactive
2021-08-16 17:17:57 INFO  BaseClass:101 - Document is not in Ready State : interactive
2021-08-16 17:17:57 INFO  BaseClass:101 - Document is not in Ready State : interactive
2021-08-16 17:17:57 INFO  BaseClass:101 - Document is not in Ready State : interactive
2021-08-16 17:17:57 INFO  BaseClass:101 - Document is not in Ready State : interactive
2021-08-16 17:17:57 INFO  BaseClass:101 - Document is not in Ready State : interactive
2021-08-16 17:17:57 INFO  BaseClass:101 - Document is not in Ready State : interactive
2021-08-16 17:17:57 INFO  BaseClass:101 - Document is not in Ready State : interactive
2021-08-16 17:17:57 INFO  BaseClass:101 - Document is not in Ready State : interactive
2021-08-16 17:17:57 INFO  BaseClass:101 - Document is not in Ready State : interactive
2021-08-16 17:17:57 INFO  BaseClass:101 - Document is not in Ready State : interactive
2021-08-16 17:17:57 INFO  BaseClass:101 - Document is not in Ready State : interactive
2021-08-16 17:17:57 INFO  BaseClass:101 - Document is not in Ready State : interactive
2021-08-16 17:17:57 INFO  BaseClass:101 - Document is not in Ready State : interactive
2021-08-16 17:17:57 INFO  BaseClass:101 - Document is not in Ready State : interactive
2021-08-16 17:17:57 INFO  BaseClass:101 - Document is not in Ready State : interactive
2021-08-16 17:17:57 INFO  BaseClass:101 - Document is not in Ready State : interactive
2021-08-16 17:17:57 INFO  BaseClass:101 - Document is not in Ready State : interactive
2021-08-16 17:17:57 INFO  BaseClass:101 - Document is not in Ready State : interactive
2021-08-16 17:17:57 INFO  BaseClass:101 - Document is not in Ready State : interactive
2021-08-16 17:17:57 INFO  BaseClass:101 - Document is not in Ready State : interactive
2021-08-16 17:17:57 INFO  BaseClass:101 - Document is not in Ready State : interactive
2021-08-16 17:17:57 INFO  BaseClass:98 - Document Ready State is : complete
2021-08-16 17:17:57 INFO  BaseClass:98 - Document Ready State is : complete
2021-08-16 17:17:57 INFO  BaseClass:13 - Test StartsselectPriceOfPlan
2021-08-16 17:17:58 INFO  BaseClass:19 - Test PassedselectPriceOfPlan
2021-08-16 17:27:41 INFO  BaseClass:98 - Document Ready State is : complete
2021-08-16 17:27:41 INFO  BaseClass:13 - Test StartshomePage
2021-08-16 17:27:44 INFO  BaseClass:98 - Document Ready State is : complete
2021-08-16 17:27:44 INFO  BaseClass:19 - Test PassedhomePage
2021-08-16 17:27:51 INFO  BaseClass:98 - Document Ready State is : complete
2021-08-16 17:27:54 INFO  BaseClass:98 - Document Ready State is : complete
2021-08-16 17:27:54 INFO  BaseClass:98 - Document Ready State is : complete
2021-08-16 17:28:00 INFO  BaseClass:98 - Document Ready State is : complete
2021-08-16 17:28:00 INFO  BaseClass:98 - Document Ready State is : complete
2021-08-16 17:28:00 INFO  BaseClass:13 - Test StartsSignUp
2021-08-16 17:28:08 INFO  BaseClass:98 - Document Ready State is : complete
2021-08-16 17:28:10 INFO  BaseClass:98 - Document Ready State is : complete
2021-08-16 17:28:10 INFO  BaseClass:98 - Document Ready State is : complete
2021-08-16 17:28:15 INFO  BaseClass:98 - Document Ready State is : complete
2021-08-16 17:28:15 INFO  BaseClass:98 - Document Ready State is : complete
2021-08-16 17:28:15 INFO  BaseClass:13 - Test StartsSignUp
2021-08-16 17:28:24 INFO  BaseClass:98 - Document Ready State is : complete
2021-08-16 17:28:24 INFO  BaseClass:101 - Document is not in Ready State : loading
2021-08-16 17:28:24 INFO  BaseClass:101 - Document is not in Ready State : interactive
2021-08-16 17:28:25 INFO  BaseClass:101 - Document is not in Ready State : interactive
2021-08-16 17:28:25 INFO  BaseClass:101 - Document is not in Ready State : interactive
2021-08-16 17:28:25 INFO  BaseClass:101 - Document is not in Ready State : interactive
2021-08-16 17:28:25 INFO  BaseClass:101 - Document is not in Ready State : interactive
2021-08-16 17:28:25 INFO  BaseClass:101 - Document is not in Ready State : interactive
2021-08-16 17:28:25 INFO  BaseClass:101 - Document is not in Ready State : interactive
2021-08-16 17:28:25 INFO  BaseClass:101 - Document is not in Ready State : interactive
2021-08-16 17:28:25 INFO  BaseClass:101 - Document is not in Ready State : interactive
2021-08-16 17:28:25 INFO  BaseClass:101 - Document is not in Ready State : interactive
2021-08-16 17:28:25 INFO  BaseClass:101 - Document is not in Ready State : interactive
2021-08-16 17:28:25 INFO  BaseClass:101 - Document is not in Ready State : interactive
2021-08-16 17:28:25 INFO  BaseClass:101 - Document is not in Ready State : interactive
2021-08-16 17:28:25 INFO  BaseClass:101 - Document is not in Ready State : interactive
2021-08-16 17:28:25 INFO  BaseClass:101 - Document is not in Ready State : interactive
2021-08-16 17:28:25 INFO  BaseClass:101 - Document is not in Ready State : interactive
2021-08-16 17:28:26 INFO  BaseClass:101 - Document is not in Ready State : interactive
2021-08-16 17:28:26 INFO  BaseClass:101 - Document is not in Ready State : interactive
2021-08-16 17:28:26 INFO  BaseClass:101 - Document is not in Ready State : interactive
2021-08-16 17:28:26 INFO  BaseClass:101 - Document is not in Ready State : interactive
2021-08-16 17:28:26 INFO  BaseClass:101 - Document is not in Ready State : interactive
2021-08-16 17:28:26 INFO  BaseClass:101 - Document is not in Ready State : interactive
2021-08-16 17:28:26 INFO  BaseClass:101 - Document is not in Ready State : interactive
2021-08-16 17:28:26 INFO  BaseClass:101 - Document is not in Ready State : interactive
2021-08-16 17:28:26 INFO  BaseClass:101 - Document is not in Ready State : interactive
2021-08-16 17:28:26 INFO  BaseClass:101 - Document is not in Ready State : interactive
2021-08-16 17:28:26 INFO  BaseClass:101 - Document is not in Ready State : interactive
2021-08-16 17:28:26 INFO  BaseClass:101 - Document is not in Ready State : interactive
2021-08-16 17:28:26 INFO  BaseClass:98 - Document Ready State is : complete
2021-08-16 17:28:26 INFO  BaseClass:98 - Document Ready State is : complete
2021-08-16 17:28:30 INFO  BaseClass:98 - Document Ready State is : complete
2021-08-16 17:28:30 INFO  BaseClass:98 - Document Ready State is : complete
2021-08-16 17:28:30 INFO  BaseClass:13 - Test StartsSignUp
2021-08-16 17:28:31 INFO  BaseClass:24 - Test FailedSignUpTake Screen Shot!!!!!
2021-08-16 17:28:38 INFO  BaseClass:98 - Document Ready State is : complete
2021-08-16 17:28:41 INFO  BaseClass:98 - Document Ready State is : complete
2021-08-16 17:28:41 INFO  BaseClass:98 - Document Ready State is : complete
2021-08-16 17:28:41 INFO  BaseClass:13 - Test StartsclassicTab
2021-08-16 17:28:45 INFO  BaseClass:98 - Document Ready State is : complete
2021-08-16 17:28:45 INFO  BaseClass:19 - Test PassedclassicTab
2021-08-16 17:28:52 INFO  BaseClass:98 - Document Ready State is : complete
2021-08-16 17:28:55 INFO  BaseClass:98 - Document Ready State is : complete
2021-08-16 17:28:55 INFO  BaseClass:98 - Document Ready State is : complete
2021-08-16 17:28:55 INFO  BaseClass:13 - Test StartsselectPriceOfPlan
2021-08-16 17:28:56 INFO  BaseClass:19 - Test PassedselectPriceOfPlan
